Start testing: Aug 13 15:59 EDT
----------------------------------------------------------
1/1 Testing: UnitTests
1/1 Test: UnitTests
Command: "/Users/jenerthrodriguez/Library/CloudStorage/OneDrive-UniversityofLouisville/C++/unitTestingC++/build/runUnitTests"
Directory: /Users/jenerthrodriguez/Library/CloudStorage/OneDrive-UniversityofLouisville/C++/unitTestingC++/build
"UnitTests" start time: Aug 13 15:59 EDT
Output:
----------------------------------------------------------
Running main() from /Users/jenerthrodriguez/Library/CloudStorage/OneDrive-UniversityofLouisville/C++/unitTestingC++/ext/googletest/googletest/src/gtest_main.cc
[==========] Running 7 tests from 4 test suites.
[----------] Global test environment set-up.
[----------] 2 tests from sum
[ RUN      ] sum.test
[       OK ] sum.test (0 ms)
[ RUN      ] sum.Zero
[       OK ] sum.Zero (0 ms)
[----------] 2 tests from sum (0 ms total)

[----------] 1 test from subs
[ RUN      ] subs.test
[       OK ] subs.test (0 ms)
[----------] 1 test from subs (0 ms total)

[----------] 2 tests from divide
[ RUN      ] divide.test
[       OK ] divide.test (0 ms)
[ RUN      ] divide.DivisionByZero
[       OK ] divide.DivisionByZero (0 ms)
[----------] 2 tests from divide (0 ms total)

[----------] 2 tests from isAnagram
[ RUN      ] isAnagram.PositiveCase
[       OK ] isAnagram.PositiveCase (0 ms)
[ RUN      ] isAnagram.NegativeCase
[       OK ] isAnagram.NegativeCase (0 ms)
[----------] 2 tests from isAnagram (0 ms total)

[----------] Global test environment tear-down
[==========] 7 tests from 4 test suites ran. (0 ms total)
[  PASSED  ] 7 tests.
<end of output>
Test time =   0.01 sec
----------------------------------------------------------
Test Passed.
"UnitTests" end time: Aug 13 15:59 EDT
"UnitTests" time elapsed: 00:00:00
----------------------------------------------------------

End testing: Aug 13 15:59 EDT
